<?xml version="1.0" encoding="UTF-8"?>
<!-- Generated by org.testng.reporters.JUnitReportReporter -->
<testsuite skipped="0" hostname="E0443121" name="test.ExtentReportsDemoWithTestNG" tests="1" failures="0" timestamp="18 Dec 2018 07:26:34 GMT" time="12.406" errors="0">
  <testcase name="test1" time="12.406" classname="test.ExtentReportsDemoWithTestNG"/>
</testsuite> <!-- test.ExtentReportsDemoWithTestNG -->
