<?xml version="1.0" encoding="UTF-8"?>
<!-- Generated by org.testng.reporters.JUnitReportReporter -->
<testsuite skipped="0" hostname="E0443121" name="test.TestNGParametersDemo" tests="1" failures="0" timestamp="18 Dec 2018 08:56:08 GMT" time="0.042" errors="0">
  <testcase name="test" time="0.042" classname="test.TestNGParametersDemo"/>
</testsuite> <!-- test.TestNGParametersDemo -->
