<?xml version="1.0" encoding="UTF-8"?>
<!-- Generated by org.testng.reporters.JUnitReportReporter -->
<testsuite skipped="0" hostname="E0443121" name="test.TestNgGroupsDemo" tests="4" failures="0" timestamp="18 Dec 2018 08:10:17 GMT" time="0.017" errors="0">
  <testcase name="test1" time="0.012" classname="test.TestNgGroupsDemo"/>
  <testcase name="test2" time="0.002" classname="test.TestNgGroupsDemo"/>
  <testcase name="test3" time="0.001" classname="test.TestNgGroupsDemo"/>
  <testcase name="test4" time="0.002" classname="test.TestNgGroupsDemo"/>
</testsuite> <!-- test.TestNgGroupsDemo -->
