<?xml version="1.0" encoding="UTF-8"?>
<!-- Generated by org.testng.reporters.JUnitReportReporter -->
<testsuite skipped="0" hostname="E0443121" name="test.KatalonDemo$LoginPostpaid" tests="1" failures="0" timestamp="18 Dec 2018 15:08:05 GMT" time="33.654" errors="0">
  <testcase name="testUntitledTestCase" time="33.654" classname="test.KatalonDemo$LoginPostpaid"/>
</testsuite> <!-- test.KatalonDemo$LoginPostpaid -->
