<?xml version="1.0" encoding="UTF-8"?>
<!-- Generated by org.testng.reporters.JUnitReportReporter -->
<testsuite skipped="0" hostname="E0443121" name="test.Iteratie3" tests="1" failures="0" timestamp="13 Dec 2018 08:30:07 GMT" time="2.470" errors="0">
  <testcase name="authTest" time="2.470" classname="test.Iteratie3"/>
</testsuite> <!-- test.Iteratie3 -->
